<?xml version="1.0" encoding="UTF-8"?>
<testsuite xmlns:xsi="http://www.w3.org/2001/XMLSchema-instance" xsi:noNamespaceSchemaLocation="https://maven.apache.org/surefire/maven-surefire-plugin/xsd/surefire-test-report-3.0.xsd" version="3.0" name="TestSuite" time="6.924" tests="5" errors="0" skipped="0" failures="5">
  <properties>
[...]
</properties>
  <testcase name="signUp" classname="com.Project.scripts.TestClass1" time="1.282">
    <failure message="element click intercepted: Element is not clickable at point (1239, 746)&#10;  (Session info: chrome=99.0.4844.51)&#10;Build info: version: &apos;3.141.59&apos;, revision: &apos;e82be7d358&apos;, time: &apos;2018-11-14T08:17:03&apos;&#10;System info: host: &apos;DHANUSHGF&apos;, ip: &apos;192.168.29.253&apos;, os.name: &apos;Windows 10&apos;, os.arch: &apos;amd64&apos;, os.version: &apos;10.0&apos;, java.version: &apos;11.0.13&apos;&#10;Driver info: org.openqa.selenium.chrome.ChromeDriver&#10;Capabilities {acceptInsecureCerts: false, browserName: chrome, browserVersion: 99.0.4844.51, chrome: {chromedriverVersion: 98.0.4758.80 (7f0488e8ba0d8..., userDataDir: C:\Users\dhanu\AppData\Loca...}, goog:chromeOptions: {debuggerAddress: localhost:50559}, javascriptEnabled: true, networkConnectionEnabled: false, pageLoadStrategy: normal, platform: WINDOWS, platformName: WINDOWS, proxy: Proxy(), setWindowRect: true, strictFileInteractability: false, timeouts: {implicit: 0, pageLoad: 300000, script: 30000}, unhandledPromptBehavior: dismiss and notify, webauthn:extension:credBlob: true, webauthn:extension:largeBlob: true, webauthn:virtualAuthenticators: true}&#10;Session ID: 356a3d7a3b71777dcd9fb7fa73768567" type="org.openqa.selenium.ElementClickInterceptedException"><![CDATA[org.openqa.selenium.ElementClickInterceptedException: 
element click intercepted: Element is not clickable at point (1239, 746)
  (Session info: chrome=99.0.4844.51)
Build info: version: '3.141.59', revision: 'e82be7d358', time: '2018-11-14T08:17:03'
System info: host: 'DHANUSHGF', ip: '192.168.29.253', os.name: 'Windows 10', os.arch: 'amd64', os.version: '10.0', java.version: '11.0.13'
Driver info: org.openqa.selenium.chrome.ChromeDriver
Capabilities {acceptInsecureCerts: false, browserName: chrome, browserVersion: 99.0.4844.51, chrome: {chromedriverVersion: 98.0.4758.80 (7f0488e8ba0d8..., userDataDir: C:\Users\dhanu\AppData\Loca...}, goog:chromeOptions: {debuggerAddress: localhost:50559}, javascriptEnabled: true, networkConnectionEnabled: false, pageLoadStrategy: normal, platform: WINDOWS, platformName: WINDOWS, proxy: Proxy(), setWindowRect: true, strictFileInteractability: false, timeouts: {implicit: 0, pageLoad: 300000, script: 30000}, unhandledPromptBehavior: dismiss and notify, webauthn:extension:credBlob: true, webauthn:extension:largeBlob: true, webauthn:virtualAuthenticators: true}
Session ID: 356a3d7a3b71777dcd9fb7fa73768567
	at com.Project.scripts.TestClass1.signUp(TestClass1.java:20)
]]></failure>
    <system-err><![CDATA[Starting ChromeDriver 98.0.4758.80 (7f0488e8ba0d8e019187c6325a16c29d9b7f4989-refs/branch-heads/4758@{#972}) on port 14659
Only local connections are allowed.
Please see https://chromedriver.chromium.org/security-considerations for suggestions on keeping ChromeDriver safe.
ChromeDriver was started successfully.
[1647010159.387][WARNING]: This version of ChromeDriver has not been tested with Chrome version 99.
Mar 11, 2022 8:19:19 PM org.openqa.selenium.remote.ProtocolHandshake createSession
INFO: Detected dialect: W3C
]]></system-err>
  </testcase>
  <testcase name="loginadmin" classname="com.Project.scripts.TestClass" time="0.005">
    <failure type="java.lang.NullPointerException"><![CDATA[java.lang.NullPointerException
	at com.Project.scripts.TestClass.loginadmin(TestClass.java:63)
]]></failure>
  </testcase>
  <testcase name="loginuser" classname="com.Project.scripts.TestClass" time="0.001">
    <failure type="java.lang.NullPointerException"><![CDATA[java.lang.NullPointerException
	at com.Project.scripts.TestClass.loginuser(TestClass.java:36)
]]></failure>
  </testcase>
  <testcase name="loginwrong" classname="com.Project.scripts.TestClass" time="0">
    <failure type="java.lang.NullPointerException"><![CDATA[java.lang.NullPointerException
	at com.Project.scripts.TestClass.loginwrong(TestClass.java:88)
]]></failure>
  </testcase>
  <testcase name="websitecheck" classname="com.Project.scripts.TestClass" time="0">
    <failure type="java.lang.NullPointerException"><![CDATA[java.lang.NullPointerException
	at com.Project.scripts.TestClass.websitecheck(TestClass.java:26)
]]></failure>
  </testcase>
</testsuite>